Copyright (c) 1985-2006 Synopsys, Inc.  Rights reserved under the
copyright laws of the United States of America.

Copyright 1991-1998 by Bell Labs Innovations for Lucent Technologies.
Lucent Technologies disclaims all warranties with regard to this software,
including all implied warranties of merchantability and fitness.  In no
event shall Lucent Technologies be liable for any special, indirect or
consequential damages or any damages whatsoever resulting from loss of use,
data or profits, whether in an action of contract, negligence or other
tortuous action, arising out of or in connection with the use or performance
of this software.

Copyright (c) 1988-1989 Berkeley EDIF Software, Wendell C. Baker, and
Prof. A. Richard Newton.  All rights reserved.

This software is made available AS IS, and neither the Electronics Research
Laboratory or the University of California make any warranty about the
software, its performance or its conformity to any specification.

                   RESTRICTED RIGHTS LEGEND

Use, duplication, or disclosure by the U.S. Government is subject to
restrictions as set forth in Subparagraph (c)(1)(ii) of the Rights in
Technical Data and Computer Software clause at DFARS 252.227-7013,
FAR 52.227-14(g), or FAR 52.227-(19), as applicable.

                        Synopsys, Inc.
                   700 East Middlefield Rd.
                   Mountain View, CA 94043

U.S. Patent Nos. 4,868,770 (Canadian Patent No. 1,323,930); 4,985,860
(Canadian Patent No. 1,319,989); 5,046,024; 5,199,103; 5,404,319;
5,548,539; 6,532,569; 6,975,972. Other foreign patents pending.

Synopsys and MAST are registered trademarks of Synopsys, Inc.
CosmosScope and True-Hspice are trademarks of Synopsys, Inc.
SABER is a registered trademark of SabreMark Limited Partnership
and is used under license.  Other company and product names
may be trademarks or service marks of others and should be
treated as such.

schtos 2006.06.2SP2-4.0 Build 15 on 27-Nov-2006 Copyright 1985-2006 Synopsys, Inc.

Opening file 'E:/Èí¼þ/Saber/bin\schtos.map'.
PARSe mapping file schtos, execution time=0.219 sec.
Opening file 'E:/Èí¼þ/Saber/bin\analogy.map'.
PARSe mapping file analogy, execution time=0.234 sec.
Opening file 'E:/Èí¼þ/Saber/bin/user.map'.
PARSe mapping file user, execution time=0.219 sec.
WRITE netlister state file, execution time=0.25 sec.
EXTract design from database, execution time=0.359 sec.
INStantiate design, execution time=0.25 sec.
SPLIT design, execution time=0.219 sec.
SIMUlator input for the Saber simulator done, execution time=0.219 sec.
BACK annotation and renaming file writing done, execution time=0.219 sec.
